<?xml version="1.0" encoding="UTF-8"?>
<testng-results skipped="0" failed="0" ignored="0" total="1" passed="1">
  <reporter-output>
  </reporter-output>
  <suite name="dataDrivenFramework" duration-ms="14941" started-at="2019-08-09T05:51:04Z" finished-at="2019-08-09T05:51:19Z">
    <groups>
    </groups>
    <test name="Test" duration-ms="14941" started-at="2019-08-09T05:51:04Z" finished-at="2019-08-09T05:51:19Z">
      <class name="com.TCS.testCase.searchInGoogle">
        <test-method status="PASS" signature="setUp()[pri:0, instance:com.TCS.testCase.searchInGoogle@3dd4520b]" name="setUp" is-config="true" duration-ms="26429" started-at="2019-08-09T11:20:38Z" finished-at="2019-08-09T11:21:04Z">
          <reporter-output>
          </reporter-output>
        </test-method> <!-- setUp -->
        <test-method status="PASS" signature="searchGoogle()[pri:0, instance:com.TCS.testCase.searchInGoogle@3dd4520b]" name="searchGoogle" duration-ms="14894" started-at="2019-08-09T11:21:04Z" finished-at="2019-08-09T11:21:19Z">
          <reporter-output>
          </reporter-output>
        </test-method> <!-- searchGoogle -->
        <test-method status="PASS" signature="tearDown()[pri:0, instance:com.TCS.testCase.searchInGoogle@3dd4520b]" name="tearDown" is-config="true" duration-ms="2422" started-at="2019-08-09T11:21:20Z" finished-at="2019-08-09T11:21:22Z">
          <reporter-output>
          </reporter-output>
        </test-method> <!-- tearDown -->
      </class> <!-- com.TCS.testCase.searchInGoogle -->
    </test> <!-- Test -->
  </suite> <!-- dataDrivenFramework -->
</testng-results>
